\BOOKMARK [2][-]{section*.1}{\376\377\000W\000h\000a\000t\000\040\000i\000s\000\040\000M\000a\000c\000h\000i\000n\000e\000\040\000L\000e\000a\000r\000n\000i\000n\000g\000?}{}% 1
\BOOKMARK [3][-]{section*.2}{\376\377\000A\000r\000t\000i\000f\000i\000c\000i\000a\000l\000\040\000I\000n\000t\000e\000l\000l\000i\000g\000e\000n\000c\000e}{section*.1}% 2
\BOOKMARK [3][-]{section*.3}{\376\377\000U\000n\000c\000e\000r\000t\000a\000i\000n\000t\000y}{section*.1}% 3
\BOOKMARK [3][-]{section*.4}{\376\377\000N\000e\000u\000r\000a\000l\000\040\000N\000e\000t\000w\000o\000r\000k\000s\000\040\000a\000n\000d\000\040\000P\000r\000e\000d\000i\000c\000t\000i\000o\000n\000\040\000F\000u\000n\000c\000t\000i\000o\000n\000s}{section*.1}% 4
\BOOKMARK [3][-]{section*.5}{\376\377\000R\000e\000l\000a\000t\000i\000o\000n\000s\000\040\000w\000i\000t\000h\000\040\000C\000l\000a\000s\000s\000i\000c\000a\000l\000\040\000S\000t\000a\000t\000i\000s\000t\000i\000c\000s}{section*.1}% 5
\BOOKMARK [3][-]{section*.6}{\376\377\000A\000d\000a\000p\000t\000i\000v\000e\000\040\000B\000a\000s\000i\000s\000\040\000F\000u\000n\000c\000t\000i\000o\000n\000s}{section*.1}% 6
\BOOKMARK [3][-]{section*.7}{\376\377\000P\000r\000o\000b\000a\000b\000i\000l\000i\000s\000t\000i\000c\000\040\000M\000o\000d\000e\000l\000l\000i\000n\000g}{section*.1}% 7
\BOOKMARK [3][-]{section*.8}{\376\377\000G\000r\000a\000p\000h\000i\000c\000a\000l\000\040\000M\000o\000d\000e\000l\000s}{section*.1}% 8
\BOOKMARK [3][-]{section*.9}{\376\377\000P\000e\000r\000f\000o\000r\000m\000i\000n\000g\000\040\000I\000n\000f\000e\000r\000e\000n\000c\000e}{section*.1}% 9
\BOOKMARK [3][-]{section*.10}{\376\377\000M\000u\000l\000t\000i\000v\000a\000r\000i\000a\000t\000e\000\040\000G\000a\000u\000s\000s\000i\000a\000n\000\040\000P\000r\000o\000p\000e\000r\000t\000i\000e\000s}{section*.1}% 10
\BOOKMARK [3][-]{section*.11}{\376\377\000G\000a\000u\000s\000s\000i\000a\000n\000\040\000P\000r\000o\000c\000e\000s\000s}{section*.1}% 11
\BOOKMARK [3][-]{section*.12}{\376\377\000B\000a\000s\000i\000s\000\040\000F\000u\000n\000c\000t\000i\000o\000n\000s}{section*.1}% 12
\BOOKMARK [3][-]{section*.13}{\376\377\000N\000o\000n\000-\000d\000e\000g\000e\000n\000e\000r\000a\000t\000e\000\040\000G\000a\000u\000s\000s\000i\000a\000n\000\040\000P\000r\000o\000c\000e\000s\000s\000e\000s}{section*.1}% 13
\BOOKMARK [3][-]{section*.14}{\376\377\000F\000u\000r\000t\000h\000e\000r\000\040\000R\000e\000a\000d\000i\000n\000g}{section*.1}% 14
\BOOKMARK [3][-]{section*.15}{\376\377\000B\000a\000y\000e\000s\000i\000a\000n\000\040\000I\000n\000f\000e\000r\000e\000n\000c\000e\000\040\000b\000y\000\040\000R\000e\000j\000e\000c\000t\000i\000o\000n\000\040\000S\000a\000m\000p\000l\000i\000n\000g}{section*.1}% 15
\BOOKMARK [3][-]{section*.16}{\376\377\000D\000i\000s\000t\000r\000i\000b\000u\000t\000i\000o\000n\000s\000\040\000o\000v\000e\000r\000\040\000F\000u\000n\000c\000t\000i\000o\000n\000s}{section*.1}% 16
\BOOKMARK [3][-]{section*.17}{\376\377\000S\000a\000m\000p\000l\000i\000n\000g\000\040\000a\000\040\000F\000u\000n\000c\000t\000i\000o\000n}{section*.1}% 17
\BOOKMARK [3][-]{section*.18}{\376\377\000U\000l\000u\000r\000u}{section*.1}% 18
\BOOKMARK [3][-]{section*.19}{\376\377\000P\000r\000e\000d\000i\000c\000t\000i\000o\000n\000\040\000w\000i\000t\000h\000\040\000C\000o\000r\000r\000e\000l\000a\000t\000e\000d\000\040\000G\000a\000u\000s\000s\000i\000a\000n\000s}{section*.1}% 19
\BOOKMARK [3][-]{section*.20}{\376\377\000K\000e\000y\000\040\000O\000b\000j\000e\000c\000t}{section*.1}% 20
\BOOKMARK [3][-]{section*.21}{\376\377\000L\000i\000n\000e\000a\000r\000\040\000A\000l\000g\000e\000b\000r\000a}{section*.1}% 21
\BOOKMARK [3][-]{section*.22}{\376\377\000L\000i\000n\000e\000a\000r\000\040\000A\000l\000g\000e\000b\000r\000a}{section*.1}% 22
\BOOKMARK [3][-]{section*.23}{}{section*.1}% 23
\BOOKMARK [3][-]{section*.24}{}{section*.1}% 24
\BOOKMARK [3][-]{section*.25}{}{section*.1}% 25
\BOOKMARK [3][-]{section*.26}{\376\377\000E\000x\000p\000o\000n\000e\000n\000t\000i\000a\000t\000e\000d\000\040\000Q\000u\000a\000d\000r\000a\000t\000i\000c\000\040\000C\000o\000v\000a\000r\000i\000a\000n\000c\000e}{section*.1}% 26
\BOOKMARK [3][-]{section*.27}{\376\377\000O\000l\000y\000m\000p\000i\000c\000\040\000M\000a\000r\000a\000t\000h\000o\000n\000\040\000D\000a\000t\000a}{section*.1}% 27
\BOOKMARK [3][-]{section*.28}{\376\377\000O\000l\000y\000m\000p\000i\000c\000\040\000M\000a\000r\000a\000t\000h\000o\000n\000\040\000D\000a\000t\000a}{section*.1}% 28
\BOOKMARK [3][-]{section*.29}{\376\377\000F\000i\000t\000\040\000Q\000u\000a\000l\000i\000t\000y}{section*.1}% 29
\BOOKMARK [3][-]{section*.30}{\376\377\000B\000a\000s\000i\000s\000\040\000F\000u\000n\000c\000t\000i\000o\000n\000\040\000C\000o\000v\000a\000r\000i\000a\000n\000c\000e}{section*.1}% 30
\BOOKMARK [3][-]{section*.31}{\376\377\000B\000r\000o\000w\000n\000i\000a\000n\000\040\000C\000o\000v\000a\000r\000i\000a\000n\000c\000e}{section*.1}% 31
\BOOKMARK [3][-]{section*.32}{\376\377\000M\000L\000P\000\040\000C\000o\000v\000a\000r\000i\000a\000n\000c\000e}{section*.1}% 32
\BOOKMARK [3][-]{section*.33}{\376\377\000A\000\040\000S\000i\000m\000p\000l\000e\000\040\000R\000e\000g\000r\000e\000s\000s\000i\000o\000n\000\040\000P\000r\000o\000b\000l\000e\000m}{section*.1}% 33
\BOOKMARK [3][-]{section*.34}{\376\377\000O\000v\000e\000r\000f\000i\000t\000t\000i\000n\000g}{section*.1}% 34
\BOOKMARK [3][-]{section*.35}{\376\377\000A\000\040\000C\000a\000s\000c\000a\000d\000e\000\040\000o\000f\000\040\000N\000e\000u\000r\000a\000l\000\040\000N\000e\000t\000w\000o\000r\000k\000s}{section*.1}% 35
\BOOKMARK [3][-]{section*.36}{\376\377\000C\000a\000s\000c\000a\000d\000e\000\040\000o\000f\000\040\000G\000a\000u\000s\000s\000i\000a\000n\000\040\000P\000r\000o\000c\000e\000s\000s\000e\000s}{section*.1}% 36
\BOOKMARK [3][-]{section*.37}{\376\377\000W\000h\000y\000\040\000D\000e\000e\000p\000?}{section*.1}% 37
\BOOKMARK [3][-]{section*.38}{\376\377\000S\000t\000o\000c\000h\000a\000s\000t\000i\000c\000\040\000P\000r\000o\000c\000e\000s\000s\000\040\000C\000o\000m\000p\000o\000s\000i\000t\000i\000o\000n}{section*.1}% 38
\BOOKMARK [3][-]{section*.39}{\376\377\000D\000i\000f\000f\000i\000c\000u\000l\000t\000y\000\040\000f\000o\000r\000\040\000P\000r\000o\000b\000a\000b\000i\000l\000i\000s\000t\000i\000c\000\040\000A\000p\000p\000r\000o\000a\000c\000h\000e\000s}{section*.1}% 39
\BOOKMARK [3][-]{section*.40}{\376\377\000D\000i\000f\000f\000i\000c\000u\000l\000t\000y\000\040\000f\000o\000r\000\040\000P\000r\000o\000b\000a\000b\000i\000l\000i\000s\000t\000i\000c\000\040\000A\000p\000p\000r\000o\000a\000c\000h\000e\000s}{section*.1}% 40
\BOOKMARK [3][-]{section*.41}{\376\377\000D\000i\000f\000f\000i\000c\000u\000l\000t\000y\000\040\000f\000o\000r\000\040\000P\000r\000o\000b\000a\000b\000i\000l\000i\000s\000t\000i\000c\000\040\000A\000p\000p\000r\000o\000a\000c\000h\000e\000s}{section*.1}% 41
\BOOKMARK [3][-]{section*.42}{\376\377\000D\000e\000e\000p\000\040\000G\000a\000u\000s\000s\000i\000a\000n\000\040\000P\000r\000o\000c\000e\000s\000s\000e\000s}{section*.1}% 42
\BOOKMARK [3][-]{section*.43}{\376\377\000S\000t\000a\000c\000k\000e\000d\000\040\000P\000C\000A}{section*.1}% 43
\BOOKMARK [3][-]{section*.44}{\376\377\000S\000t\000a\000c\000k\000e\000d\000\040\000G\000P}{section*.1}% 44
\BOOKMARK [3][-]{section*.45}{\376\377\000A\000n\000a\000l\000y\000s\000i\000s\000\040\000o\000f\000\040\000D\000e\000e\000p\000\040\000G\000P\000s}{section*.1}% 45
\BOOKMARK [3][-]{section*.46}{\376\377\000O\000l\000y\000m\000p\000i\000c\000\040\000M\000a\000r\000a\000t\000h\000o\000n\000\040\000D\000a\000t\000a}{section*.1}% 46
\BOOKMARK [3][-]{section*.47}{\376\377\000O\000l\000y\000m\000p\000i\000c\000\040\000M\000a\000r\000a\000t\000h\000o\000n\000\040\000D\000a\000t\000a}{section*.1}% 47
\BOOKMARK [3][-]{section*.48}{\376\377\000F\000i\000t\000\040\000Q\000u\000a\000l\000i\000t\000y}{section*.1}% 48
\BOOKMARK [3][-]{section*.49}{\376\377\000D\000e\000e\000p\000\040\000G\000P\000\040\000F\000i\000t}{section*.1}% 49
\BOOKMARK [3][-]{section*.50}{\376\377\000P\000l\000o\000t\000\040\000t\000h\000e\000\040\000p\000r\000e\000d\000i\000c\000t\000i\000o\000n}{section*.1}% 50
\BOOKMARK [3][-]{section*.51}{\376\377\000O\000l\000y\000m\000p\000i\000c\000\040\000M\000a\000r\000a\000t\000h\000o\000n\000\040\000D\000a\000t\000a\000\040\000D\000e\000e\000p\000\040\000G\000P}{section*.1}% 51
\BOOKMARK [3][-]{section*.52}{\376\377\000O\000l\000y\000m\000p\000i\000c\000\040\000M\000a\000r\000a\000t\000h\000o\000n\000\040\000D\000a\000t\000a\000\040\000D\000e\000e\000p\000\040\000G\000P}{section*.1}% 52
\BOOKMARK [3][-]{section*.53}{\376\377\000F\000i\000t\000t\000e\000d\000\040\000G\000P\000\040\000f\000o\000r\000\040\000e\000a\000c\000h\000\040\000l\000a\000y\000e\000r}{section*.1}% 53
\BOOKMARK [3][-]{section*.54}{\376\377\000O\000l\000y\000m\000p\000i\000c\000\040\000M\000a\000r\000a\000t\000h\000o\000n\000\040\000P\000i\000n\000b\000a\000l\000l\000\040\000P\000l\000o\000t}{section*.1}% 54
\BOOKMARK [3][-]{section*.55}{\376\377\000S\000t\000e\000p\000\040\000F\000u\000n\000c\000t\000i\000o\000n}{section*.1}% 55
\BOOKMARK [3][-]{section*.56}{\376\377\000S\000t\000e\000p\000\040\000F\000u\000n\000c\000t\000i\000o\000n\000\040\000D\000a\000t\000a}{section*.1}% 56
\BOOKMARK [3][-]{section*.57}{\376\377\000S\000t\000e\000p\000\040\000F\000u\000n\000c\000t\000i\000o\000n\000\040\000D\000a\000t\000a\000\040\000G\000P}{section*.1}% 57
\BOOKMARK [3][-]{section*.58}{\376\377\000S\000t\000e\000p\000\040\000F\000u\000n\000c\000t\000i\000o\000n\000\040\000D\000a\000t\000a\000\040\000D\000e\000e\000p\000\040\000G\000P}{section*.1}% 58
\BOOKMARK [3][-]{section*.59}{\376\377\000S\000t\000e\000p\000\040\000F\000u\000n\000c\000t\000i\000o\000n\000\040\000D\000a\000t\000a\000\040\000D\000e\000e\000p\000\040\000G\000P}{section*.1}% 59
\BOOKMARK [3][-]{section*.60}{\376\377\000S\000t\000e\000p\000\040\000F\000u\000n\000c\000t\000i\000o\000n\000\040\000D\000a\000t\000a\000\040\000L\000a\000t\000e\000n\000t\000\040\0001}{section*.1}% 60
\BOOKMARK [3][-]{section*.61}{\376\377\000S\000t\000e\000p\000\040\000F\000u\000n\000c\000t\000i\000o\000n\000\040\000D\000a\000t\000a\000\040\000L\000a\000t\000e\000n\000t\000\040\0002}{section*.1}% 61
\BOOKMARK [3][-]{section*.62}{\376\377\000S\000t\000e\000p\000\040\000F\000u\000n\000c\000t\000i\000o\000n\000\040\000D\000a\000t\000a\000\040\000L\000a\000t\000e\000n\000t\000\040\0003}{section*.1}% 62
\BOOKMARK [3][-]{section*.63}{\376\377\000S\000t\000e\000p\000\040\000F\000u\000n\000c\000t\000i\000o\000n\000\040\000D\000a\000t\000a\000\040\000L\000a\000t\000e\000n\000t\000\040\0004}{section*.1}% 63
\BOOKMARK [3][-]{section*.64}{\376\377\000S\000t\000e\000p\000\040\000F\000u\000n\000c\000t\000i\000o\000n\000\040\000P\000i\000n\000b\000a\000l\000l\000\040\000P\000l\000o\000t}{section*.1}% 64
\BOOKMARK [3][-]{section*.65}{\376\377\000M\000o\000t\000o\000r\000c\000y\000c\000l\000e\000\040\000H\000e\000l\000m\000e\000t\000\040\000D\000a\000t\000a}{section*.1}% 65
\BOOKMARK [3][-]{section*.66}{\376\377\000M\000o\000t\000o\000r\000c\000y\000c\000l\000e\000\040\000H\000e\000l\000m\000e\000t\000\040\000D\000a\000t\000a\000\040\000G\000P}{section*.1}% 66
\BOOKMARK [3][-]{section*.67}{\376\377\000M\000o\000t\000o\000r\000c\000y\000c\000l\000e\000\040\000H\000e\000l\000m\000e\000t\000\040\000D\000a\000t\000a\000\040\000D\000e\000e\000p\000\040\000G\000P}{section*.1}% 67
\BOOKMARK [3][-]{section*.68}{\376\377\000M\000o\000t\000o\000r\000c\000y\000c\000l\000e\000\040\000H\000e\000l\000m\000e\000t\000\040\000D\000a\000t\000a\000\040\000D\000e\000e\000p\000\040\000G\000P}{section*.1}% 68
\BOOKMARK [3][-]{section*.69}{\376\377\000M\000o\000t\000o\000r\000c\000y\000c\000l\000e\000\040\000H\000e\000l\000m\000e\000t\000\040\000D\000a\000t\000a\000\040\000L\000a\000t\000e\000n\000t\000\040\0001}{section*.1}% 69
\BOOKMARK [3][-]{section*.70}{\376\377\000M\000o\000t\000o\000r\000c\000y\000c\000l\000e\000\040\000H\000e\000l\000m\000e\000t\000\040\000D\000a\000t\000a\000\040\000L\000a\000t\000e\000n\000t\000\040\0002}{section*.1}% 70
\BOOKMARK [3][-]{section*.71}{\376\377\000M\000o\000t\000o\000r\000c\000y\000c\000l\000e\000\040\000H\000e\000l\000m\000e\000t\000\040\000P\000i\000n\000b\000a\000l\000l\000\040\000P\000l\000o\000t}{section*.1}% 71
\BOOKMARK [3][-]{section*.72}{\376\377\000R\000o\000b\000o\000t\000\040\000W\000i\000r\000e\000l\000e\000s\000s\000\040\000D\000a\000t\000a}{section*.1}% 72
\BOOKMARK [3][-]{section*.73}{\376\377\000R\000o\000b\000o\000t\000\040\000W\000i\000r\000e\000l\000e\000s\000s\000\040\000G\000r\000o\000u\000n\000d\000\040\000T\000r\000u\000t\000h}{section*.1}% 73
\BOOKMARK [3][-]{section*.74}{\376\377\000R\000o\000b\000o\000t\000\040\000W\000i\000F\000i\000\040\000D\000a\000t\000a}{section*.1}% 74
\BOOKMARK [3][-]{section*.75}{\376\377\000R\000o\000b\000o\000t\000\040\000W\000i\000F\000i\000\040\000D\000a\000t\000a\000\040\000G\000P}{section*.1}% 75
\BOOKMARK [3][-]{section*.76}{\376\377\000R\000o\000b\000o\000t\000\040\000W\000i\000F\000i\000\040\000D\000a\000t\000a\000\040\000D\000e\000e\000p\000\040\000G\000P}{section*.1}% 76
\BOOKMARK [3][-]{section*.77}{\376\377\000R\000o\000b\000o\000t\000\040\000W\000i\000F\000i\000\040\000D\000a\000t\000a\000\040\000D\000e\000e\000p\000\040\000G\000P}{section*.1}% 77
\BOOKMARK [3][-]{section*.78}{\376\377\000R\000o\000b\000o\000t\000\040\000W\000i\000F\000i\000\040\000D\000a\000t\000a\000\040\000L\000a\000t\000e\000n\000t\000\040\000S\000p\000a\000c\000e}{section*.1}% 78
\BOOKMARK [3][-]{section*.79}{\376\377\000R\000o\000b\000o\000t\000\040\000W\000i\000F\000i\000\040\000D\000a\000t\000a\000\040\000L\000a\000t\000e\000n\000t\000\040\000S\000p\000a\000c\000e}{section*.1}% 79
\BOOKMARK [3][-]{section*.80}{\376\377\000M\000o\000t\000i\000o\000n\000\040\000C\000a\000p\000t\000u\000r\000e}{section*.1}% 80
\BOOKMARK [3][-]{section*.81}{\376\377\000S\000h\000a\000r\000e\000d\000\040\000L\000V\000M}{section*.1}% 81
\BOOKMARK [3][-]{section*.82}{}{section*.1}% 82
\BOOKMARK [3][-]{section*.83}{\376\377\000F\000i\000t\000\040\000a\000\040\000D\000e\000e\000p\000\040\000G\000P}{section*.1}% 83
\BOOKMARK [3][-]{section*.84}{\376\377\000I\000n\000i\000t\000i\000a\000l\000i\000z\000a\000t\000i\000o\000n}{section*.1}% 84
\BOOKMARK [3][-]{section*.85}{\376\377\000V\000i\000s\000u\000a\000l\000i\000z\000e\000\040\000t\000h\000e\000\040\000l\000a\000t\000e\000n\000t\000\040\000s\000p\000a\000c\000e\000\040\000o\000f\000\040\000t\000h\000e\000\040\000t\000o\000p\000\040\000l\000a\000y\000e\000r}{section*.1}% 85
\BOOKMARK [3][-]{section*.86}{\376\377\000V\000i\000s\000u\000a\000l\000i\000z\000e\000\040\000t\000h\000e\000\040\000l\000a\000t\000e\000n\000t\000\040\000s\000p\000a\000c\000e\000\040\000o\000f\000\040\000t\000h\000e\000\040\000i\000n\000t\000e\000r\000m\000e\000d\000i\000a\000t\000e\000\040\000l\000a\000y\000e\000r}{section*.1}% 86
\BOOKMARK [3][-]{section*.87}{}{section*.1}% 87
\BOOKMARK [3][-]{section*.88}{}{section*.1}% 88
\BOOKMARK [3][-]{section*.89}{}{section*.1}% 89
\BOOKMARK [3][-]{section*.90}{}{section*.1}% 90
\BOOKMARK [3][-]{section*.91}{\376\377\000G\000e\000n\000e\000r\000a\000t\000e\000\040\000F\000r\000o\000m\000\040\000M\000o\000d\000e\000l}{section*.1}% 91
\BOOKMARK [3][-]{section*.92}{}{section*.1}% 92
\BOOKMARK [3][-]{section*.93}{\376\377\000U\000n\000c\000e\000r\000t\000a\000i\000n\000t\000y\000\040\000Q\000u\000a\000n\000t\000i\000f\000i\000c\000a\000t\000i\000o\000n}{section*.1}% 93
\BOOKMARK [3][-]{section*.94}{\376\377\000M\000o\000u\000n\000t\000a\000i\000n\000\040\000C\000a\000r\000\040\000S\000i\000m\000u\000l\000a\000t\000o\000r}{section*.1}% 94
\BOOKMARK [3][-]{section*.95}{\376\377\000E\000m\000u\000l\000a\000t\000e\000\040\000t\000h\000e\000\040\000M\000o\000u\000n\000t\000a\000i\000n\000\040\000C\000a\000r}{section*.1}% 95
\BOOKMARK [3][-]{section*.96}{\376\377\000D\000a\000t\000a\000\040\000E\000f\000f\000i\000c\000i\000e\000n\000t\000\040\000E\000m\000u\000l\000a\000t\000i\000o\000n}{section*.1}% 96
